14:57:45 **** Incremental Build of configuration Debug for project S7_SK_gx_prompt_timer_1_1_0 ****
make -j4 all 
'Building file: ../src/synergy_gen/common_data.c'
'Building file: ../src/synergy_gen/gui_thread.c'
'Building file: ../src/synergy_gen/hal_data.c'
'Building file: ../src/synergy_gen/main.c'
'Invoking: Cross ARM C Compiler'
'Invoking: Cross ARM C Compiler'
C:\Renesas\Synergy\e2studio_v6.2.1_ssp_v1.5.0\eclipse\../Utilities/isdebuild arm-none-eabi-gcc -mcpu=cortex-m4 -mthumb -mfloat-abi=hard -mfpu=fpv4-sp-d16 -O0 -fmessage-length=0 -fsigned-char -ffunction-sections -fdata-sections -Wunused -Wuninitialized -Wall -Wextra -Wmissing-declarations -Wconversion -Wpointer-arith -Wshadow -Wlogical-op -Waggregate-return -Wfloat-equal  -g3 -D_RENESAS_SYNERGY_ -I"C:\Users\JPRMEXDI\Music\S7_SK_gx_prompt_timer_1_1_0\synergy_cfg\ssp_cfg\bsp" -I"C:\Users\JPRMEXDI\Music\S7_SK_gx_prompt_timer_1_1_0\synergy_cfg\ssp_cfg\driver" -I"C:\Users\JPRMEXDI\Music\S7_SK_gx_prompt_timer_1_1_0\src" -I"C:\Users\JPRMEXDI\Music\S7_SK_gx_prompt_timer_1_1_0\src\synergy_gen" -I"C:\Users\JPRMEXDI\Music\S7_SK_gx_prompt_timer_1_1_0\synergy_cfg\ssp_cfg\framework" -I"C:\Users\JPRMEXDI\Music\S7_SK_gx_prompt_timer_1_1_0\synergy_cfg\ssp_cfg\framework\el" -std=c99 -MMD -MP -MF"src/synergy_gen/common_data.d" -MT"src/synergy_gen/common_data.o" -c -o "src/synergy_gen/common_data.o" -x c "../src/synergy_gen/common_data.c"
C:\Renesas\Synergy\e2studio_v6.2.1_ssp_v1.5.0\eclipse\../Utilities/isdebuild arm-none-eabi-gcc -mcpu=cortex-m4 -mthumb -mfloat-abi=hard -mfpu=fpv4-sp-d16 -O0 -fmessage-length=0 -fsigned-char -ffunction-sections -fdata-sections -Wunused -Wuninitialized -Wall -Wextra -Wmissing-declarations -Wconversion -Wpointer-arith -Wshadow -Wlogical-op -Waggregate-return -Wfloat-equal  -g3 -D_RENESAS_SYNERGY_ -I"C:\Users\JPRMEXDI\Music\S7_SK_gx_prompt_timer_1_1_0\synergy_cfg\ssp_cfg\bsp" -I"C:\Users\JPRMEXDI\Music\S7_SK_gx_prompt_timer_1_1_0\synergy_cfg\ssp_cfg\driver" -I"C:\Users\JPRMEXDI\Music\S7_SK_gx_prompt_timer_1_1_0\src" -I"C:\Users\JPRMEXDI\Music\S7_SK_gx_prompt_timer_1_1_0\src\synergy_gen" -I"C:\Users\JPRMEXDI\Music\S7_SK_gx_prompt_timer_1_1_0\synergy_cfg\ssp_cfg\framework" -I"C:\Users\JPRMEXDI\Music\S7_SK_gx_prompt_timer_1_1_0\synergy_cfg\ssp_cfg\framework\el" -std=c99 -MMD -MP -MF"src/synergy_gen/gui_thread.d" -MT"src/synergy_gen/gui_thread.o" -c -o "src/synergy_gen/gui_thread.o" -x c "../src/synergy_gen/gui_thread.c"
'Invoking: Cross ARM C Compiler'
C:\Renesas\Synergy\e2studio_v6.2.1_ssp_v1.5.0\eclipse\../Utilities/isdebuild arm-none-eabi-gcc -mcpu=cortex-m4 -mthumb -mfloat-abi=hard -mfpu=fpv4-sp-d16 -O0 -fmessage-length=0 -fsigned-char -ffunction-sections -fdata-sections -Wunused -Wuninitialized -Wall -Wextra -Wmissing-declarations -Wconversion -Wpointer-arith -Wshadow -Wlogical-op -Waggregate-return -Wfloat-equal  -g3 -D_RENESAS_SYNERGY_ -I"C:\Users\JPRMEXDI\Music\S7_SK_gx_prompt_timer_1_1_0\synergy_cfg\ssp_cfg\bsp" -I"C:\Users\JPRMEXDI\Music\S7_SK_gx_prompt_timer_1_1_0\synergy_cfg\ssp_cfg\driver" -I"C:\Users\JPRMEXDI\Music\S7_SK_gx_prompt_timer_1_1_0\src" -I"C:\Users\JPRMEXDI\Music\S7_SK_gx_prompt_timer_1_1_0\src\synergy_gen" -I"C:\Users\JPRMEXDI\Music\S7_SK_gx_prompt_timer_1_1_0\synergy_cfg\ssp_cfg\framework" -I"C:\Users\JPRMEXDI\Music\S7_SK_gx_prompt_timer_1_1_0\synergy_cfg\ssp_cfg\framework\el" -std=c99 -MMD -MP -MF"src/synergy_gen/hal_data.d" -MT"src/synergy_gen/hal_data.o" -c -o "src/synergy_gen/hal_data.o" -x c "../src/synergy_gen/hal_data.c"
'Invoking: Cross ARM C Compiler'
C:\Renesas\Synergy\e2studio_v6.2.1_ssp_v1.5.0\eclipse\../Utilities/isdebuild arm-none-eabi-gcc -mcpu=cortex-m4 -mthumb -mfloat-abi=hard -mfpu=fpv4-sp-d16 -O0 -fmessage-length=0 -fsigned-char -ffunction-sections -fdata-sections -Wunused -Wuninitialized -Wall -Wextra -Wmissing-declarations -Wconversion -Wpointer-arith -Wshadow -Wlogical-op -Waggregate-return -Wfloat-equal  -g3 -D_RENESAS_SYNERGY_ -I"C:\Users\JPRMEXDI\Music\S7_SK_gx_prompt_timer_1_1_0\synergy_cfg\ssp_cfg\bsp" -I"C:\Users\JPRMEXDI\Music\S7_SK_gx_prompt_timer_1_1_0\synergy_cfg\ssp_cfg\driver" -I"C:\Users\JPRMEXDI\Music\S7_SK_gx_prompt_timer_1_1_0\src" -I"C:\Users\JPRMEXDI\Music\S7_SK_gx_prompt_timer_1_1_0\src\synergy_gen" -I"C:\Users\JPRMEXDI\Music\S7_SK_gx_prompt_timer_1_1_0\synergy_cfg\ssp_cfg\framework" -I"C:\Users\JPRMEXDI\Music\S7_SK_gx_prompt_timer_1_1_0\synergy_cfg\ssp_cfg\framework\el" -std=c99 -MMD -MP -MF"src/synergy_gen/main.d" -MT"src/synergy_gen/main.o" -c -o "src/synergy_gen/main.o" -x c "../src/synergy_gen/main.c"
In file included from ../src/synergy_gen/hal_data.c:2:
C:\Users\JPRMEXDI\Music\S7_SK_gx_prompt_timer_1_1_0\src\synergy_gen/hal_data.h:5:10: fatal error: 'bsp_api.h' file not found
#include "bsp_api.h"
         ^
1 error generated.
src/synergy_gen/subdir.mk:27: recipe for target 'src/synergy_gen/hal_data.o' failed
make: *** [src/synergy_gen/hal_data.o] Error 1
make: *** Waiting for unfinished jobs....
In file included from ../src/synergy_gen/common_data.c:2:
C:\Users\JPRMEXDI\Music\S7_SK_gx_prompt_timer_1_1_0\src\synergy_gen/common_data.h:5:10: fatal error: 'bsp_api.h' file not found
#include "bsp_api.h"
         ^
1 error generated.
src/synergy_gen/subdir.mk:27: recipe for target 'src/synergy_gen/common_data.o' failed
make: *** [src/synergy_gen/common_data.o] Error 1
In file included from ../src/synergy_gen/gui_thread.c:2:
C:\Users\JPRMEXDI\Music\S7_SK_gx_prompt_timer_1_1_0\src\synergy_gen/gui_thread.h:4:10: fatal error: 'bsp_api.h' file not found
#include "bsp_api.h"
         ^
1 error generated.
src/synergy_gen/subdir.mk:27: recipe for target 'src/synergy_gen/gui_thread.o' failed
make: *** [src/synergy_gen/gui_thread.o] Error 1
../src/synergy_gen/main.c:2:10: fatal error: 'bsp_api.h' file not found
#include "bsp_api.h"
         ^
1 error generated.
make: *** [src/synergy_gen/main.o] Error 1
src/synergy_gen/subdir.mk:27: recipe for target 'src/synergy_gen/main.o' failed

14:57:46 Build Failed. 13 errors, 0 warnings. (took 437ms)

